[debug] [2022-03-23T13:09:16.904Z] ----------------------------------------------------------------------
[debug] [2022-03-23T13:09:16.907Z] Command:       C:\Program Files\nodejs\node.exe C:\Users\steph\AppData\Roaming\npm\node_modules\firebase-tools\lib\bin\firebase.js init
[debug] [2022-03-23T13:09:16.907Z] CLI Version:   10.4.2
[debug] [2022-03-23T13:09:16.907Z] Platform:      win32
[debug] [2022-03-23T13:09:16.907Z] Node Version:  v14.15.3
[debug] [2022-03-23T13:09:16.909Z] Time:          Wed Mar 23 2022 13:09:16 GMT+0000 (Greenwich Mean Time)
[debug] [2022-03-23T13:09:16.909Z] ----------------------------------------------------------------------
[debug] 
[debug] [2022-03-23T13:09:16.992Z] > command requires scopes: ["email","openid","https://www.googleapis.com/auth/cloudplatformprojects.readonly","https://www.googleapis.com/auth/firebase","https://www.googleapis.com/auth/cloud-platform"]
[debug] [2022-03-23T13:09:16.992Z] > authorizing via signed-in user (sbanbury@gmail.com)
[info] 
     ######## #### ########  ######## ########     ###     ######  ########
     ##        ##  ##     ## ##       ##     ##  ##   ##  ##       ##
     ######    ##  ########  ######   ########  #########  ######  ######
     ##        ##  ##    ##  ##       ##     ## ##     ##       ## ##
     ##       #### ##     ## ######## ########  ##     ##  ######  ########

You're about to initialize a Firebase project in this directory:

  D:\Dev\Repositories\creative-app-studio

Before we get started, keep in mind:

  * You are initializing within an existing Firebase project directory

[info] 
=== Project Setup
[info] 
[info] First, let's associate this project directory with a Firebase project.
[info] You can create multiple project aliases by running firebase use --add, 
[info] but for now we'll just set up a default project.
[info] 
[debug] [2022-03-23T13:09:26.970Z] Using project from CLI flag: creative-app-studio-d2ea8
[debug] [2022-03-23T13:09:26.972Z] > refreshing access token with scopes: []
[debug] [2022-03-23T13:09:26.972Z] >>> HTTP REQUEST POST https://www.googleapis.com/oauth2/v3/token  
 <request body omitted>
[debug] [2022-03-23T13:09:27.069Z] <<< HTTP RESPONSE 200 {"pragma":"no-cache","expires":"Mon, 01 Jan 1990 00:00:00 GMT","date":"Wed, 23 Mar 2022 13:09:28 GMT","cache-control":"no-cache, no-store, max-age=0, must-revalidate","content-type":"application/json; charset=utf-8","vary":"X-Origin, Referer, Origin,Accept-Encoding","server":"scaffolding on HTTPServer2","x-xss-protection":"0","x-frame-options":"SAMEORIGIN","x-content-type-options":"nosniff","alt-svc":"h3=\":443\"; ma=2592000,h3-29=\":443\"; ma=2592000,h3-Q050=\":443\"; ma=2592000,h3-Q046=\":443\"; ma=2592000,h3-Q043=\":443\"; ma=2592000,quic=\":443\"; ma=2592000; v=\"46,43\"","accept-ranges":"none","transfer-encoding":"chunked"}
[debug] [2022-03-23T13:09:27.081Z] >>> [apiv2][query] GET https://firebase.googleapis.com/v1beta1/projects/creative-app-studio-d2ea8 [none]
[debug] [2022-03-23T13:09:27.301Z] <<< [apiv2][status] GET https://firebase.googleapis.com/v1beta1/projects/creative-app-studio-d2ea8 200
[debug] [2022-03-23T13:09:27.301Z] <<< [apiv2][body] GET https://firebase.googleapis.com/v1beta1/projects/creative-app-studio-d2ea8 {"projectId":"creative-app-studio-d2ea8","projectNumber":"8719684015","displayName":"Creative App Studio","name":"projects/creative-app-studio-d2ea8","resources":{"hostingSite":"creative-app-studio-d2ea8","realtimeDatabaseInstance":"creative-app-studio-d2ea8-default-rtdb","storageBucket":"creative-app-studio-d2ea8.appspot.com","locationId":"europe-west"},"state":"ACTIVE"}
[info] i  Using project creative-app-studio-d2ea8 (Creative App Studio) 
[info] 
=== Hosting Setup
[info] 
[info] Your public directory is the folder (relative to your project directory) that
[info] will contain Hosting assets to be uploaded with firebase deploy. If you
[info] have a build process for your assets, use your build's output directory.
[info] 
